-------------------------------------------------------------------------------
Test set: TestSuite
-------------------------------------------------------------------------------
Tests run: 8, Failures: 1, Errors: 0, Skipped: 0, Time elapsed: 29.826 s <<< FAILURE! - in TestSuite
cucumberOptions.TestRunner.runScenario["Verify the login functionality with a valid user app credentials", "Test the login functionality"](2)  Time elapsed: 18.373 s  <<< FAILURE!
java.lang.AssertionError: expected [Incorrect email or passwoord.] but found [Incorrect email or password.]

