<?xml version="1.0" encoding="UTF-8"?>
<testsuite xmlns:xsi="http://www.w3.org/2001/XMLSchema-instance" xsi:noNamespaceSchemaLocation="https://maven.apache.org/surefire/maven-surefire-plugin/xsd/surefire-test-report-3.0.xsd" version="3.0" name="TestSuite" time="29.826" tests="8" errors="0" skipped="0" failures="1">
  <properties>
[...]
</properties>
  <testcase name="runScenario[&quot;Verify the login functionality with invalid credentials&quot;, &quot;Test the login functionality&quot;](1)" classname="cucumberOptions.TestRunner" time="18.19">
    <system-out><![CDATA[file readed
file readed
file readed
file readed
file readed
file readed
file readed
file readed
laucnhed
file readed
laucnhed
file readed
file readed
file readed
file readed
file readed
laucnhed
file readed
file readed
laucnhed
file readed
file readed
laucnhed
file readed
file readed
file readed
file readed
file readed
laucnhed
file readed
file readed
file readed
file readed
file readed
file readed
laucnhed
file readed
file readed
file readed
file readed
file readed
file readed
file readed
file readed
file readed
file readed
file readed
User List
file readed
file readed
User List
file readed
file readed
file readed
file readed
file readed
file readed
file readed
User List
file readed
]]></system-out>
    <system-err><![CDATA[SLF4J: Failed to load class "org.slf4j.impl.StaticLoggerBinder".
SLF4J: Defaulting to no-operation (NOP) logger implementation
SLF4J: See http://www.slf4j.org/codes.html#StaticLoggerBinder for further details.
Starting ChromeDriver 103.0.5060.53 (a1711811edd74ff1cf2150f36ffa3b0dae40b17f-refs/branch-heads/5060@{#853}) on port 59101
Only local connections are allowed.
Please see https://chromedriver.chromium.org/security-considerations for suggestions on keeping ChromeDriver safe.
Starting ChromeDriver 103.0.5060.53 (a1711811edd74ff1cf2150f36ffa3b0dae40b17f-refs/branch-heads/5060@{#853}) on port 64052
Only locaClh croonnmeecDtriiovnesr  awraes  asltlaorwteedd. 
sPulcecaesses fsuelel y.ht
tps://chromedriver.chromium.org/security-considerations for suggestions on keeping ChromeDriver safe.
ChromeDriver was started successfully.
SStatarrtitnign gC hCrhormoemDerDirvievre r1 0130.03..500.6500.6503. 5(3 a(1a7111871111e8d1d17e4dfdf714cfff211c5f0215f03f63f6ffaf3ab30b0ddaaee4400bb1177ff--rreeffss//bbrraanncchh--hheeadsa/d5s0/6500@6{0#@8{5#38}5)3 }o)n  opno rpto r5t33 16037
3O7nl
yO nlloyc allo ccaoln nceocntnieocntsi oanrse  aalrleo waedl.lo
wPedl.ea
sPel esaesee  hstetep sh:t/t/pcsh:r/o/mcehdrromievderri.vcehrr.cohmrioummi.uomr.go/rsge/csuercituyr-ictoyn-sciodnesirdaetriatoinosn sf ofro rs suuggggeessttiioonnss  oonn  kkeeeeppiinngg  CChhrroommeeDDrrivievre rs saaffee.
.
Starting ChromeDriver 103.0.5060.53 (a1711811edd74ff1cf2150f36ffa3b0dae40b17f-refs/branch-heads/5060@{#853}) on port 57331
Only local connections are allowed.
Please see https://chromedriver.chromium.org/security-considerations for suggestions on keeping ChromeDriver safe.
ChromeDriver was started successfully.
ChromCeDhrriovmeerDr iwvaesr  swtaasr tsetda rsteudc csesusfcuclelsys.fu
lly.
Starting ChromeDriver 103.0.5060.53 (a1711811edd74ff1cf2150f36ffa3b0dae40b17f-refs/branch-heads/5060@{#853}) on port 59647
Only local connections are allowed.
Please see https://chromedriver.chromium.org/security-considerations for suggestions on keeping ChromeDriver safe.
ChromeDriver was started successfully.
Starting ChromeDriver 103.0.5060.53 (a1711811edd74ff1cf2150f36ffa3b0dae40b17f-refs/branch-heads/5060@{#853}) on port 51726
Only local connectionSst aarrtei nagl lCohwreodm.eD
rPilveears e 1s0e3e. 0h.t5t0p6s0://c.h5r3o m(ead1r7i1v1e8r1.1cehdrdo7m4ifufm1.cofr2g1/5s0efc3u6rffa3b0diatey4-0cbo1n7sfi-dreerfast/ibornasn fcohr- hseuagdgse/s5t0i6o0n@s{ #on8 k5e3e}p)i nogn  Cphorrotme D5r2i4v1e0r
 Osnalfye .lo
cal connections are allowed.
Please see https://chromedriver.chromium.org/security-considerations for suggestions on keeping ChromeDriver safe.
ChromeDriver was started successfully.
ChromeDriver was started successfully.
[1660212682.582][WARNING]: This version of ChromeDriver has not been tested with Chrome version 104.
[1660212683.009][WARNING]: This version of ChromeDriver has not been tested with Chrome version 104.
[1660212683.029][WARNING]: This version of ChromeDriver has not been tested with Chrome version 104.
[1660212683.138][WARNING]: This version of ChromeDriver has not been tested with Chrome version 104.
[1660212683.219][WARNING]: This version of ChromeDriver has not been tested with Chrome version 104.
[1660212683.260][WARNING]: This version of ChromeDriver has not been tested with Chrome version 104.
[1660212683.362][WARNING]: This version of ChromeDriver has not been tested with Chrome version 104.
Aug 11, 2022 3:41:23 PM org.openqa.selenium.remote.ProtocolHandshake createSession
INFO: Detected upstream dialect: W3C
Aug 11, 2022 3:41:23 PM org.openqa.selenium.remote.ProtocolHandshake createSession
INFO: Detected upstream dialect: W3C
Aug 11, 2022 3:41:24 PM org.openqa.selenium.remote.ProtocolHandshake createSession
INFO: Detected upstream dialect: W3C
[1660212684.448][WARNING]: This version of ChromeDriver has not been tested with Chrome version 104.
Aug 11, 2022 3:41:24 PM org.openqa.selenium.devtools.CdpVersionFinder findNearestMatch
WARNING: Unable to find an exact match for CDP version 104, so returning the closest version found: 103
Aug 11, 2022 3:41:24 PM org.openqa.selenium.devtools.CdpVersionFinder findNearestMatch
WARNING: Unable to find an exact match for CDP version 104, so returning the closest version found: 103
Aug 11, 2022 3:41:24 PM org.openqa.selenium.devtools.CdpVersionFinder findNearestMatch
INFO: Found CDP implementation for version 104 of 103
Aug 11, 2022 3:41:24 PM org.openqa.selenium.devtools.CdpVersionFinder findNearestMatch
INFO: Found CDP implementation for version 104 of 103
Aug 11, 2022 3:41:24 PM org.openqa.selenium.remote.ProtocolHandshake createSession
INFO: Detected upstream dialect: W3C
Aug 11, 2022 3:41:24 PM org.openqa.selenium.devtools.CdpVersionFinder findNearestMatch
WARNING: Unable to find an exact match for CDP version 104, so returning the closest version found: 103
Aug 11, 2022 3:41:24 PM org.openqa.selenium.devtools.CdpVersionFinder findNearestMatch
INFO: Found CDP implementation for version 104 of 103
Aug 11, 2022 3:41:24 PM org.openqa.selenium.remote.ProtocolHandshake createSession
INFO: Detected upstream dialect: W3C
Aug 11, 2022 3:41:24 PM org.openqa.selenium.remote.ProtocolHandshake createSession
INFO: Detected upstream dialect: W3C
Aug 11, 2022 3:41:24 PM org.openqa.selenium.remote.ProtocolHandshake createSession
INFO: Detected upstream dialect: W3C
Aug 11, 2022 3:41:24 PM org.openqa.selenium.devtools.CdpVersionFinder findNearestMatch
WARNING: Unable to find an exact match for CDP version 104, so returning the closest version found: 103
Aug 11, 2022 3:41:24 PM org.openqa.selenium.devtools.CdpVersionFinder findNearestMatch
INFO: Found CDP implementation for version 104 of 103
Aug 11, 2022 3:41:24 PM org.openqa.selenium.devtools.CdpVersionFinder findNearestMatch
WARNING: Unable to find an exact match for CDP version 104, so returning the closest version found: 103
Aug 11, 2022 3:41:24 PM org.openqa.selenium.devtools.CdpVersionFinder findNearestMatch
INFO: Found CDP implementation for version 104 of 103
Aug 11, 2022 3:41:24 PM org.openqa.selenium.remote.ProtocolHandshake createSession
INFO: Detected upstream dialect: W3C
Aug 11, 2022 3:41:24 PM org.openqa.selenium.devtools.CdpVersionFinder findNearestMatch
WARNING: Unable to find an exact match for CDP version 104, so returning the closest version found: 103
Aug 11, 2022 3:41:24 PM org.openqa.selenium.devtools.CdpVersionFinder findNearestMatch
INFO: Found CDP implementation for version 104 of 103
Aug 11, 2022 3:41:24 PM org.openqa.selenium.devtools.CdpVersionFinder findNearestMatch
WARNING: Unable to find an exact match for CDP version 104, so returning the closest version found: 103
Aug 11, 2022 3:41:24 PM org.openqa.selenium.devtools.CdpVersionFinder findNearestMatch
INFO: Found CDP implementation for version 104 of 103
Aug 11, 2022 3:41:24 PM org.openqa.selenium.devtools.CdpVersionFinder findNearestMatch
WARNING: Unable to find an exact match for CDP version 104, so returning the closest version found: 103
Aug 11, 2022 3:41:24 PM org.openqa.selenium.devtools.CdpVersionFinder findNearestMatch
INFO: Found CDP implementation for version 104 of 103
]]></system-err>
  </testcase>
  <testcase name="runScenario[&quot;Verify the login functionality with a valid user app credentials&quot;, &quot;Test the login functionality&quot;](2)" classname="cucumberOptions.TestRunner" time="18.373">
    <failure message="expected [Incorrect email or passwoord.] but found [Incorrect email or password.]" type="java.lang.AssertionError"><![CDATA[java.lang.AssertionError: expected [Incorrect email or passwoord.] but found [Incorrect email or password.]
]]></failure>
  </testcase>
  <testcase name="runScenario[&quot;Verify whether all the user names are displayed in the users list&quot;, &quot;Test the User listing functionality&quot;](3)" classname="cucumberOptions.TestRunner" time="18.373"/>
  <testcase name="runScenario[&quot;Verify the logout functionality&quot;, &quot;Test the login functionality&quot;](4)" classname="cucumberOptions.TestRunner" time="21.476">
    <system-out><![CDATA[file readed
laucnhed
file readed
file readed
file readed
file readed
file readed
file readed
file readed
User List
file readed
file readed
file readed
]]></system-out>
  </testcase>
  <testcase name="runScenario[&quot;Verify whether the total number of rows per page is 10 by default&quot;, &quot;Test the User listing functionality&quot;](5)" classname="cucumberOptions.TestRunner" time="22.777">
    <system-out><![CDATA[10
file readed
file readed
]]></system-out>
  </testcase>
  <testcase name="runScenario[&quot;Verify the login functionality with valid credentials&quot;, &quot;Test the login functionality&quot;](6)" classname="cucumberOptions.TestRunner" time="24.439">
    <system-out><![CDATA[file readed
file readed
file readed
nihamathulla@qburst.com
file readed
file readed
]]></system-out>
  </testcase>
  <testcase name="runScenario[&quot;Verify whether the search functionality is working fine&quot;, &quot;Test the User listing functionality&quot;](7)" classname="cucumberOptions.TestRunner" time="25.392">
    <system-out><![CDATA[nihamathulla@qburst.com
]]></system-out>
  </testcase>
  <testcase name="runScenario[&quot;Verify whether the filter functionality is working fine&quot;, &quot;Test the User listing functionality&quot;](8)" classname="cucumberOptions.TestRunner" time="26.07">
    <system-out><![CDATA[file readed
file readed
]]></system-out>
  </testcase>
</testsuite>